<?xml version="1.0" encoding="UTF-8"?>
<testsuite xmlns:xsi="http://www.w3.org/2001/XMLSchema-instance" xsi:noNamespaceSchemaLocation="https://maven.apache.org/surefire/maven-surefire-plugin/xsd/surefire-test-report-3.0.xsd" version="3.0" name="com.mavericks.scanpro.ScanproApplicationTests" time="16.112" tests="2" errors="0" skipped="0" failures="0">
  <properties>
[...]
</properties>
  <testcase name="mainMethodRunsSuccessfully" classname="com.mavericks.scanpro.ScanproApplicationTests" time="3.425">
    <system-out><![CDATA[09:58:58.472 [main] INFO org.springframework.test.context.support.AnnotationConfigContextLoaderUtils -- Could not detect default configuration classes for test class [com.mavericks.scanpro.ScanproApplicationTests]: ScanproApplicationTests does not declare any static, non-private, non-final, nested classes annotated with @Configuration.
09:58:58.638 [main] INFO org.springframework.boot.test.context.SpringBootTestContextBootstrapper -- Found @SpringBootConfiguration com.mavericks.scanpro.ScanproApplication for test class com.mavericks.scanpro.ScanproApplicationTests
09:58:58.949 [main] INFO org.springframework.boot.devtools.restart.RestartApplicationListener -- Restart disabled due to context in which it is running

  .   ____          _            __ _ _
 /\\ / ___'_ __ _ _(_)_ __  __ _ \ \ \ \
( ( )\___ | '_ | '_| | '_ \/ _` | \ \ \ \
 \\/  ___)| |_)| | | | | || (_| |  ) ) ) )
  '  |____| .__|_| |_|_| |_\__, | / / / /
 =========|_|==============|___/=/_/_/_/
 :: Spring Boot ::                (v3.2.2)

2024-04-03T09:58:59.390Z  INFO 8048 --- [           main] c.m.scanpro.ScanproApplicationTests      : Starting ScanproApplicationTests using Java 21.0.1 with PID 8048 (started by dctmav-anshu in C:\Users\dctmav-anshu\Downloads\ScanproBack-dev\ScanproBack-dev)
2024-04-03T09:58:59.392Z  INFO 8048 --- [           main] c.m.scanpro.ScanproApplicationTests      : No active profile set, falling back to 1 default profile: "default"
2024-04-03T09:59:01.606Z  INFO 8048 --- [           main] .s.d.r.c.RepositoryConfigurationDelegate : Bootstrapping Spring Data JPA repositories in DEFAULT mode.
2024-04-03T09:59:01.891Z  INFO 8048 --- [           main] .s.d.r.c.RepositoryConfigurationDelegate : Finished Spring Data repository scanning in 272 ms. Found 9 JPA repository interfaces.
2024-04-03T09:59:03.200Z  INFO 8048 --- [           main] o.hibernate.jpa.internal.util.LogHelper  : HHH000204: Processing PersistenceUnitInfo [name: default]
2024-04-03T09:59:03.334Z  INFO 8048 --- [           main] org.hibernate.Version                    : HHH000412: Hibernate ORM core version 6.4.1.Final
2024-04-03T09:59:03.395Z  INFO 8048 --- [           main] o.h.c.internal.RegionFactoryInitiator    : HHH000026: Second-level cache disabled
2024-04-03T09:59:03.623Z  INFO 8048 --- [           main] o.s.o.j.p.SpringPersistenceUnitInfo      : No LoadTimeWeaver setup: ignoring JPA class transformer
2024-04-03T09:59:03.668Z  INFO 8048 --- [           main] com.zaxxer.hikari.HikariDataSource       : HikariPool-1 - Starting...
2024-04-03T09:59:04.220Z  INFO 8048 --- [           main] com.zaxxer.hikari.pool.HikariPool        : HikariPool-1 - Added connection com.mysql.cj.jdbc.ConnectionImpl@294b045b
2024-04-03T09:59:04.224Z  INFO 8048 --- [           main] com.zaxxer.hikari.HikariDataSource       : HikariPool-1 - Start completed.
2024-04-03T09:59:05.873Z  INFO 8048 --- [           main] o.h.e.t.j.p.i.JtaPlatformInitiator       : HHH000489: No JTA platform available (set 'hibernate.transaction.jta.platform' to enable JTA platform integration)
2024-04-03T09:59:06.024Z  INFO 8048 --- [           main] j.LocalContainerEntityManagerFactoryBean : Initialized JPA EntityManagerFactory for persistence unit 'default'
2024-04-03T09:59:07.659Z  INFO 8048 --- [           main] o.s.d.j.r.query.QueryEnhancerFactory     : Hibernate is in classpath; If applicable, HQL parser will be used.
2024-04-03T09:59:08.103Z  WARN 8048 --- [           main] JpaBaseConfiguration$JpaWebConfiguration : spring.jpa.open-in-view is enabled by default. Therefore, database queries may be performed during view rendering. Explicitly configure spring.jpa.open-in-view to disable this warning
2024-04-03T09:59:09.269Z  INFO 8048 --- [           main] o.s.b.a.e.web.EndpointLinksResolver      : Exposing 1 endpoint(s) beneath base path '/actuator'
2024-04-03T09:59:09.440Z  INFO 8048 --- [           main] o.s.s.web.DefaultSecurityFilterChain     : Will secure any request with [org.springframework.security.web.session.DisableEncodeUrlFilter@591ae3dd, org.springframework.security.web.context.request.async.WebAsyncManagerIntegrationFilter@20a4f67a, org.springframework.security.web.context.SecurityContextHolderFilter@6f535d77, org.springframework.security.web.header.HeaderWriterFilter@3afca969, org.springframework.web.filter.CorsFilter@66a2bc61, org.springframework.security.web.authentication.logout.LogoutFilter@1cdb4bd3, com.mavericks.scanpro.security.jwt.AuthTokenFilter@4518e64, org.springframework.security.web.savedrequest.RequestCacheAwareFilter@1a60b0c4, org.springframework.security.web.servletapi.SecurityContextHolderAwareRequestFilter@7e8a0192, org.springframework.security.web.authentication.AnonymousAuthenticationFilter@21471ca8, org.springframework.security.web.session.SessionManagementFilter@7a2c95e2, org.springframework.security.web.access.ExceptionTranslationFilter@1261fd82, org.springframework.security.web.access.intercept.AuthorizationFilter@452d71e5]
2024-04-03T09:59:10.769Z  INFO 8048 --- [           main] c.m.scanpro.ScanproApplicationTests      : Started ScanproApplicationTests in 11.842 seconds (process running for 17.788)
2024-04-03T09:59:10.962Z  INFO 8048 --- [           main] o.s.b.d.r.RestartApplicationListener     : Restart disabled due to context in which it is running

  .   ____          _            __ _ _
 /\\ / ___'_ __ _ _(_)_ __  __ _ \ \ \ \
( ( )\___ | '_ | '_| | '_ \/ _` | \ \ \ \
 \\/  ___)| |_)| | | | | || (_| |  ) ) ) )
  '  |____| .__|_| |_|_| |_\__, | / / / /
 =========|_|==============|___/=/_/_/_/
 :: Spring Boot ::                (v3.2.2)

2024-04-03T09:59:11.002Z  INFO 8048 --- [           main] c.mavericks.scanpro.ScanproApplication   : Starting ScanproApplication using Java 21.0.1 with PID 8048 (started by dctmav-anshu in C:\Users\dctmav-anshu\Downloads\ScanproBack-dev\ScanproBack-dev)
2024-04-03T09:59:11.003Z  INFO 8048 --- [           main] c.mavericks.scanpro.ScanproApplication   : No active profile set, falling back to 1 default profile: "default"
2024-04-03T09:59:11.598Z  INFO 8048 --- [           main] .s.d.r.c.RepositoryConfigurationDelegate : Bootstrapping Spring Data JPA repositories in DEFAULT mode.
2024-04-03T09:59:11.632Z  INFO 8048 --- [           main] .s.d.r.c.RepositoryConfigurationDelegate : Finished Spring Data repository scanning in 33 ms. Found 9 JPA repository interfaces.
2024-04-03T09:59:12.047Z  INFO 8048 --- [           main] o.s.b.w.embedded.tomcat.TomcatWebServer  : Tomcat initialized with port 6767 (http)
2024-04-03T09:59:12.071Z  INFO 8048 --- [           main] o.apache.catalina.core.StandardService   : Starting service [Tomcat]
2024-04-03T09:59:12.072Z  INFO 8048 --- [           main] o.apache.catalina.core.StandardEngine    : Starting Servlet engine: [Apache Tomcat/10.1.18]
2024-04-03T09:59:12.198Z  INFO 8048 --- [           main] o.a.c.c.C.[Tomcat].[localhost].[/]       : Initializing Spring embedded WebApplicationContext
2024-04-03T09:59:12.199Z  INFO 8048 --- [           main] w.s.c.ServletWebServerApplicationContext : Root WebApplicationContext: initialization completed in 1188 ms
2024-04-03T09:59:12.417Z  INFO 8048 --- [           main] o.hibernate.jpa.internal.util.LogHelper  : HHH000204: Processing PersistenceUnitInfo [name: default]
2024-04-03T09:59:12.425Z  INFO 8048 --- [           main] o.h.c.internal.RegionFactoryInitiator    : HHH000026: Second-level cache disabled
2024-04-03T09:59:12.434Z  INFO 8048 --- [           main] o.s.o.j.p.SpringPersistenceUnitInfo      : No LoadTimeWeaver setup: ignoring JPA class transformer
2024-04-03T09:59:12.435Z  INFO 8048 --- [           main] com.zaxxer.hikari.HikariDataSource       : HikariPool-2 - Starting...
2024-04-03T09:59:12.459Z  INFO 8048 --- [           main] com.zaxxer.hikari.pool.HikariPool        : HikariPool-2 - Added connection com.mysql.cj.jdbc.ConnectionImpl@2737fd1d
2024-04-03T09:59:12.460Z  INFO 8048 --- [           main] com.zaxxer.hikari.HikariDataSource       : HikariPool-2 - Start completed.
2024-04-03T09:59:12.740Z  INFO 8048 --- [           main] o.h.e.t.j.p.i.JtaPlatformInitiator       : HHH000489: No JTA platform available (set 'hibernate.transaction.jta.platform' to enable JTA platform integration)
2024-04-03T09:59:12.841Z  INFO 8048 --- [           main] j.LocalContainerEntityManagerFactoryBean : Initialized JPA EntityManagerFactory for persistence unit 'default'
2024-04-03T09:59:13.574Z  WARN 8048 --- [           main] JpaBaseConfiguration$JpaWebConfiguration : spring.jpa.open-in-view is enabled by default. Therefore, database queries may be performed during view rendering. Explicitly configure spring.jpa.open-in-view to disable this warning
2024-04-03T09:59:13.798Z  INFO 8048 --- [           main] o.s.b.a.e.web.EndpointLinksResolver      : Exposing 1 endpoint(s) beneath base path '/actuator'
2024-04-03T09:59:13.859Z  INFO 8048 --- [           main] o.s.s.web.DefaultSecurityFilterChain     : Will secure any request with [org.springframework.security.web.session.DisableEncodeUrlFilter@e328d88, org.springframework.security.web.context.request.async.WebAsyncManagerIntegrationFilter@78ea668, org.springframework.security.web.context.SecurityContextHolderFilter@7ffb60a4, org.springframework.security.web.header.HeaderWriterFilter@4d5f1c98, org.springframework.web.filter.CorsFilter@10af6715, org.springframework.security.web.authentication.logout.LogoutFilter@74e17634, com.mavericks.scanpro.security.jwt.AuthTokenFilter@7b95469, org.springframework.security.web.savedrequest.RequestCacheAwareFilter@4cf973ec, org.springframework.security.web.servletapi.SecurityContextHolderAwareRequestFilter@27c0b255, org.springframework.security.web.authentication.AnonymousAuthenticationFilter@425fdf53, org.springframework.security.web.session.SessionManagementFilter@268f1aeb, org.springframework.security.web.access.ExceptionTranslationFilter@2cbd2385, org.springframework.security.web.access.intercept.AuthorizationFilter@6f8cd739]
2024-04-03T09:59:14.329Z  INFO 8048 --- [           main] o.s.b.w.embedded.tomcat.TomcatWebServer  : Tomcat started on port 6767 (http) with context path ''
2024-04-03T09:59:14.338Z  INFO 8048 --- [           main] c.mavericks.scanpro.ScanproApplication   : Started ScanproApplication in 3.377 seconds (process running for 21.357)
]]></system-out>
  </testcase>
  <testcase name="contextLoads" classname="com.mavericks.scanpro.ScanproApplicationTests" time="0.008"/>
</testsuite>